[2024-03-11 11:44:23,460: INFO: main: This is our custome logging]
[2024-03-11 14:14:45,898: INFO: common: yaml file: config\config.yaml loaded successfully]
[2024-03-11 14:14:45,914: INFO: common: yaml file: params.yaml loaded successfully]
[2024-03-11 14:14:45,931: INFO: common: yaml file: schema.yaml loaded successfully]
[2024-03-11 14:14:45,946: INFO: common: created directory at: artifacts]
[2024-03-11 14:14:45,961: INFO: common: created directory at: artifacts/data_ingestion]
[2024-03-11 14:14:47,155: INFO: 676587157: artifacts/data_ingestion/data.zip download! with following info: 
Connection: close
Content-Length: 23329
Cache-Control: max-age=300
Content-Security-Policy: default-src 'none'; style-src 'unsafe-inline'; sandbox
Content-Type: application/zip
ETag: "c69888a4ae59bc5a893392785a938ccd4937981c06ba8a9d6a21aa52b4ab5b6e"
Strict-Transport-Security: max-age=31536000
X-Content-Type-Options: nosniff
X-Frame-Options: deny
X-XSS-Protection: 1; mode=block
X-GitHub-Request-Id: 368E:0E68:996660:A091FF:65EF03C3
Accept-Ranges: bytes
Date: Mon, 11 Mar 2024 13:14:43 GMT
Via: 1.1 varnish
X-Served-By: cache-fra-eddf8230123-FRA
X-Cache: MISS
X-Cache-Hits: 0
X-Timer: S1710162883.479950,VS0,VE157
Vary: Authorization,Accept-Encoding,Origin
Access-Control-Allow-Origin: *
Cross-Origin-Resource-Policy: cross-origin
X-Fastly-Request-ID: f14415fbe535ec401ea05027fa12fb279f9e5f6e
Expires: Mon, 11 Mar 2024 13:19:43 GMT
Source-Age: 0

]
[2024-03-11 14:43:53,551: INFO: main: >>>>>> stage Data Ingestion stage started <<<<<<]
[2024-03-11 14:43:53,552: INFO: common: yaml file: config\config.yaml loaded successfully]
[2024-03-11 14:43:53,553: INFO: common: yaml file: params.yaml loaded successfully]
[2024-03-11 14:43:53,555: INFO: common: yaml file: schema.yaml loaded successfully]
[2024-03-11 14:43:53,556: INFO: common: created directory at: artifacts]
[2024-03-11 14:43:53,557: INFO: common: created directory at: artifacts/data_ingestion]
[2024-03-11 14:43:54,599: INFO: data_ingestion: artifacts/data_ingestion/data.zip download! with following info: 
Connection: close
Content-Length: 23329
Cache-Control: max-age=300
Content-Security-Policy: default-src 'none'; style-src 'unsafe-inline'; sandbox
Content-Type: application/zip
ETag: "c69888a4ae59bc5a893392785a938ccd4937981c06ba8a9d6a21aa52b4ab5b6e"
Strict-Transport-Security: max-age=31536000
X-Content-Type-Options: nosniff
X-Frame-Options: deny
X-XSS-Protection: 1; mode=block
X-GitHub-Request-Id: 368E:0E68:996660:A091FF:65EF03C3
Accept-Ranges: bytes
Date: Mon, 11 Mar 2024 13:43:51 GMT
Via: 1.1 varnish
X-Served-By: cache-fra-eddf8230032-FRA
X-Cache: HIT
X-Cache-Hits: 1
X-Timer: S1710164631.918180,VS0,VE147
Vary: Authorization,Accept-Encoding,Origin
Access-Control-Allow-Origin: *
Cross-Origin-Resource-Policy: cross-origin
X-Fastly-Request-ID: 7b1a462184299ff73a44673b75964f5683478ae0
Expires: Mon, 11 Mar 2024 13:48:51 GMT
Source-Age: 0

]
[2024-03-11 14:43:54,627: INFO: main: >>>>>> stage Data Ingestion stage completed <<<<<<

x==========x]
[2024-03-19 10:10:52,727: INFO: common: yaml file: config\config.yaml loaded successfully]
[2024-03-19 10:10:52,760: INFO: common: yaml file: params.yaml loaded successfully]
[2024-03-19 10:10:52,775: INFO: common: yaml file: schema.yaml loaded successfully]
[2024-03-19 10:10:52,782: INFO: common: created directory at: artifacts]
[2024-03-19 10:15:54,947: INFO: common: yaml file: config\config.yaml loaded successfully]
[2024-03-19 10:15:54,950: INFO: common: yaml file: params.yaml loaded successfully]
[2024-03-19 10:15:54,953: INFO: common: yaml file: schema.yaml loaded successfully]
[2024-03-19 10:15:54,956: INFO: common: created directory at: artifacts]
[2024-03-19 10:21:35,663: INFO: common: yaml file: config\config.yaml loaded successfully]
[2024-03-19 10:21:35,667: INFO: common: yaml file: params.yaml loaded successfully]
[2024-03-19 10:21:35,679: INFO: common: yaml file: schema.yaml loaded successfully]
[2024-03-19 10:21:35,682: INFO: common: created directory at: artifacts]
[2024-03-19 10:26:34,845: INFO: common: yaml file: config\config.yaml loaded successfully]
[2024-03-19 10:26:34,848: INFO: common: yaml file: params.yaml loaded successfully]
[2024-03-19 10:26:34,854: INFO: common: yaml file: schema.yaml loaded successfully]
[2024-03-19 10:26:34,856: INFO: common: created directory at: artifacts]
[2024-03-19 10:26:40,529: INFO: common: yaml file: config\config.yaml loaded successfully]
[2024-03-19 10:26:40,539: INFO: common: yaml file: params.yaml loaded successfully]
[2024-03-19 10:26:40,546: INFO: common: yaml file: schema.yaml loaded successfully]
[2024-03-19 10:26:40,549: INFO: common: created directory at: artifacts]
[2024-03-19 10:27:02,711: INFO: common: yaml file: config\config.yaml loaded successfully]
[2024-03-19 10:27:02,717: INFO: common: yaml file: params.yaml loaded successfully]
[2024-03-19 10:27:02,721: INFO: common: yaml file: schema.yaml loaded successfully]
[2024-03-19 10:27:02,723: INFO: common: created directory at: artifacts]
[2024-03-19 10:27:18,711: INFO: common: yaml file: config\config.yaml loaded successfully]
[2024-03-19 10:27:18,716: INFO: common: yaml file: params.yaml loaded successfully]
[2024-03-19 10:27:18,719: INFO: common: yaml file: schema.yaml loaded successfully]
[2024-03-19 10:27:18,721: INFO: common: created directory at: artifacts]
[2024-03-19 10:30:27,127: INFO: common: yaml file: config\config.yaml loaded successfully]
[2024-03-19 10:30:27,129: INFO: common: yaml file: params.yaml loaded successfully]
[2024-03-19 10:30:27,136: INFO: common: yaml file: schema.yaml loaded successfully]
[2024-03-19 10:30:27,138: INFO: common: created directory at: artifacts]
[2024-03-19 10:34:17,897: INFO: common: yaml file: config\config.yaml loaded successfully]
[2024-03-19 10:34:17,901: INFO: common: yaml file: params.yaml loaded successfully]
[2024-03-19 10:34:17,907: INFO: common: yaml file: schema.yaml loaded successfully]
[2024-03-19 10:34:17,912: INFO: common: created directory at: artifacts]
[2024-03-19 10:39:20,362: INFO: common: yaml file: config\config.yaml loaded successfully]
[2024-03-19 10:39:26,764: INFO: common: yaml file: params.yaml loaded successfully]
[2024-03-19 10:39:29,244: INFO: common: yaml file: schema.yaml loaded successfully]
[2024-03-19 10:39:34,866: INFO: common: created directory at: artifacts]
[2024-03-19 10:42:00,283: INFO: common: yaml file: config\config.yaml loaded successfully]
[2024-03-19 10:42:00,285: INFO: common: yaml file: params.yaml loaded successfully]
[2024-03-19 10:42:00,295: INFO: common: yaml file: schema.yaml loaded successfully]
[2024-03-19 10:42:00,298: INFO: common: created directory at: artifacts]
[2024-03-19 10:43:09,625: INFO: common: yaml file: config\config.yaml loaded successfully]
[2024-03-19 10:43:09,631: INFO: common: yaml file: params.yaml loaded successfully]
[2024-03-19 10:43:09,645: INFO: common: yaml file: schema.yaml loaded successfully]
[2024-03-19 10:43:09,647: INFO: common: created directory at: artifacts]
[2024-03-19 10:43:09,650: INFO: common: created directory at: artifacts/data_validation]
[2024-03-19 11:10:25,386: INFO: main: >>>>>> stage Data Ingestion stage started <<<<<<]
[2024-03-19 11:10:25,389: INFO: common: yaml file: config\config.yaml loaded successfully]
[2024-03-19 11:10:25,390: INFO: common: yaml file: params.yaml loaded successfully]
[2024-03-19 11:10:25,393: INFO: common: yaml file: schema.yaml loaded successfully]
[2024-03-19 11:10:25,394: INFO: common: created directory at: artifacts]
[2024-03-19 11:10:25,394: INFO: common: created directory at: artifacts/data_ingestion]
[2024-03-19 11:10:25,395: INFO: data_ingestion: File already exists of size: ~ 23 KB]
[2024-03-19 11:10:25,415: INFO: main: >>>>>> stage Data Ingestion stage completed <<<<<<

x==========x]
[2024-03-19 11:10:25,416: INFO: main: >>>>>> stage Data Validation stage started <<<<<<]
[2024-03-19 11:10:25,419: INFO: common: yaml file: config\config.yaml loaded successfully]
[2024-03-19 11:10:25,420: INFO: common: yaml file: params.yaml loaded successfully]
[2024-03-19 11:10:25,422: INFO: common: yaml file: schema.yaml loaded successfully]
[2024-03-19 11:10:25,423: INFO: common: created directory at: artifacts]
[2024-03-19 11:10:25,423: INFO: common: created directory at: artifacts/data_validation]
[2024-03-19 11:10:25,441: INFO: main: >>>>>> stage Data Validation stage completed <<<<<<

x==========x]
[2024-03-19 11:20:56,551: INFO: common: yaml file: config\config.yaml loaded successfully]
[2024-03-19 11:20:56,559: INFO: common: yaml file: params.yaml loaded successfully]
[2024-03-19 11:20:56,565: INFO: common: yaml file: schema.yaml loaded successfully]
[2024-03-19 11:20:56,568: INFO: common: created directory at: artifacts]
[2024-03-19 11:24:47,817: INFO: common: yaml file: config\config.yaml loaded successfully]
[2024-03-19 11:24:47,819: INFO: common: yaml file: params.yaml loaded successfully]
[2024-03-19 11:24:47,825: INFO: common: yaml file: schema.yaml loaded successfully]
[2024-03-19 11:24:47,827: INFO: common: created directory at: artifacts]
[2024-03-19 11:24:47,829: INFO: common: created directory at: artifacts/data_transformation]
[2024-03-19 11:24:47,891: INFO: 4261508835: Splited data into training and test sets]
[2024-03-19 11:24:47,892: INFO: 4261508835: (1199, 12)]
[2024-03-19 11:24:47,893: INFO: 4261508835: (400, 12)]
[2024-03-19 18:04:24,475: INFO: main: >>>>>> stage Data Ingestion stage started <<<<<<]
[2024-03-19 18:04:24,479: INFO: common: yaml file: config\config.yaml loaded successfully]
[2024-03-19 18:04:24,483: INFO: common: yaml file: params.yaml loaded successfully]
[2024-03-19 18:04:24,486: INFO: common: yaml file: schema.yaml loaded successfully]
[2024-03-19 18:04:24,487: INFO: common: created directory at: artifacts]
[2024-03-19 18:04:24,488: INFO: common: created directory at: artifacts/data_ingestion]
[2024-03-19 18:04:24,488: INFO: data_ingestion: File already exists of size: ~ 23 KB]
[2024-03-19 18:04:24,496: INFO: main: >>>>>> stage Data Ingestion stage completed <<<<<<

x==========x]
[2024-03-19 18:04:24,497: INFO: main: >>>>>> stage Data Validation stage started <<<<<<]
[2024-03-19 18:04:24,500: INFO: common: yaml file: config\config.yaml loaded successfully]
[2024-03-19 18:04:24,502: INFO: common: yaml file: params.yaml loaded successfully]
[2024-03-19 18:04:24,510: INFO: common: yaml file: schema.yaml loaded successfully]
[2024-03-19 18:04:24,511: INFO: common: created directory at: artifacts]
[2024-03-19 18:04:24,511: INFO: common: created directory at: artifacts/data_validation]
[2024-03-19 18:04:24,540: INFO: main: >>>>>> stage Data Validation stage completed <<<<<<

x==========x]
[2024-03-19 18:04:24,541: INFO: main: >>>>>> stage Data Transformation stage started <<<<<<]
[2024-03-19 18:04:24,550: INFO: common: yaml file: config\config.yaml loaded successfully]
[2024-03-19 18:04:24,551: INFO: common: yaml file: params.yaml loaded successfully]
[2024-03-19 18:04:24,555: INFO: common: yaml file: schema.yaml loaded successfully]
[2024-03-19 18:04:24,556: INFO: common: created directory at: artifacts]
[2024-03-19 18:04:24,559: INFO: common: created directory at: artifacts/data_transformation]
[2024-03-19 18:04:24,588: INFO: data_transformation: Splited data into training and test sets]
[2024-03-19 18:04:24,588: INFO: data_transformation: (1199, 12)]
[2024-03-19 18:04:24,589: INFO: data_transformation: (400, 12)]
[2024-03-19 18:04:24,590: INFO: main: >>>>>> stage Data Transformation stage completed <<<<<<

x==========x]
